[01m[K/home/matt/disarm/disarm_ws/src/disarm_simulation/plugins/disarm_plugin.cc:33:10:[m[K [01;31m[Kerror: [m[K‘[01m[KonUpdate[m[K’ does not name a type
   33 |  virtual [01;31m[KonUpdate[m[K {
      |          [01;31m[K^~~~~~~~[m[K
In file included from [01m[K/usr/include/gazebo-11/gazebo/common/common.hh:36[m[K,
                 from [01m[K/usr/include/gazebo-11/gazebo/gazebo_core.hh:19[m[K,
                 from [01m[K/usr/include/gazebo-11/gazebo/gazebo.hh:20[m[K,
                 from [01m[K/home/matt/disarm/disarm_ws/src/disarm_simulation/plugins/disarm_plugin.cc:5[m[K:
[01m[K/usr/include/gazebo-11/gazebo/common/Plugin.hh:420:10:[m[K [01;31m[Kerror: [m[Kexpected unqualified-id before string constant
  420 |   extern [01;31m[K"C"[m[K GZ_PLUGIN_VISIBLE gazebo::ModelPlugin *RegisterPlugin(); \
      |          [01;31m[K^~~[m[K
[01m[K/usr/include/gazebo-11/gazebo/common/Plugin.hh:420:10:[m[K [01;36m[Knote: [m[Kin definition of macro ‘[01m[KGZ_REGISTER_MODEL_PLUGIN[m[K’
  420 |   extern [01;36m[K"C"[m[K GZ_PLUGIN_VISIBLE gazebo::ModelPlugin *RegisterPlugin(); \
      |          [01;36m[K^~~[m[K
[01m[K/home/matt/disarm/disarm_ws/src/disarm_simulation/plugins/disarm_plugin.cc:56:2:[m[K [01;31m[Kerror: [m[Kexpected ‘[01m[K;[m[K’ after class definition
   56 | }
      |  [01;31m[K^[m[K
      |  [32m[K;[m[K
In file included from [01m[K/usr/include/gazebo-11/gazebo/common/common.hh:36[m[K,
                 from [01m[K/usr/include/gazebo-11/gazebo/gazebo_core.hh:19[m[K,
                 from [01m[K/usr/include/gazebo-11/gazebo/gazebo.hh:20[m[K,
                 from [01m[K/home/matt/disarm/disarm_ws/src/disarm_simulation/plugins/disarm_plugin.cc:5[m[K:
[01m[K/home/matt/disarm/disarm_ws/src/disarm_simulation/plugins/disarm_plugin.cc:[m[K In member function ‘[01m[Kgazebo::ModelPlugin* gazebo::DisarmPlugin::RegisterPlugin()[m[K’:
[01m[K/usr/include/gazebo-11/gazebo/common/Plugin.hh:423:26:[m[K [01;31m[Kerror: [m[Kinvalid new-expression of abstract class type ‘[01m[Kgazebo::DisarmPlugin[m[K’
  423 |     return new classname([01;31m[K)[m[K;\
      |                          [01;31m[K^[m[K
[01m[K/home/matt/disarm/disarm_ws/src/disarm_simulation/plugins/disarm_plugin.cc:55:2:[m[K [01;36m[Knote: [m[Kin expansion of macro ‘[01m[KGZ_REGISTER_MODEL_PLUGIN[m[K’
   55 |  [01;36m[KGZ_REGISTER_MODEL_PLUGIN[m[K(DisarmPlugin)
      |  [01;36m[K^~~~~~~~~~~~~~~~~~~~~~~~[m[K
[01m[K/home/matt/disarm/disarm_ws/src/disarm_simulation/plugins/disarm_plugin.cc:19:9:[m[K [01;36m[Knote: [m[K  because the following virtual functions are pure within ‘[01m[Kgazebo::DisarmPlugin[m[K’:
   19 |   class [01;36m[KDisarmPlugin[m[K : public ModelPlugin {
      |         [01;36m[K^~~~~~~~~~~~[m[K
In file included from [01m[K/usr/include/gazebo-11/gazebo/common/common.hh:36[m[K,
                 from [01m[K/usr/include/gazebo-11/gazebo/gazebo_core.hh:19[m[K,
                 from [01m[K/usr/include/gazebo-11/gazebo/gazebo.hh:20[m[K,
                 from [01m[K/home/matt/disarm/disarm_ws/src/disarm_simulation/plugins/disarm_plugin.cc:5[m[K:
[01m[K/usr/include/gazebo-11/gazebo/common/Plugin.hh:318:26:[m[K [01;36m[Knote: [m[K	‘[01m[Kvirtual void gazebo::ModelPlugin::Load(gazebo::physics::ModelPtr, sdf::v9::ElementPtr)[m[K’
  318 |     public: virtual void [01;36m[KLoad[m[K(physics::ModelPtr _model,
      |                          [01;36m[K^~~~[m[K
[01m[K/home/matt/disarm/disarm_ws/src/disarm_simulation/plugins/disarm_plugin.cc:[m[K At global scope:
[01m[K/home/matt/disarm/disarm_ws/src/disarm_simulation/plugins/disarm_plugin.cc:56:1:[m[K [01;31m[Kerror: [m[Kexpected ‘[01m[K}[m[K’ at end of input
   56 | [01;31m[K}[m[K
      | [01;31m[K^[m[K
[01m[K/home/matt/disarm/disarm_ws/src/disarm_simulation/plugins/disarm_plugin.cc:18:2:[m[K [01;36m[Knote: [m[Kto match this ‘[01m[K{[m[K’
   18 |  [01;36m[K{[m[K
      |  [01;36m[K^[m[K
make[2]: *** [CMakeFiles/disarm_plugin.dir/build.make:63: CMakeFiles/disarm_plugin.dir/plugins/disarm_plugin.cc.o] Error 1
make[1]: *** [CMakeFiles/Makefile2:207: CMakeFiles/disarm_plugin.dir/all] Error 2
make: *** [Makefile:141: all] Error 2
