[01m[K/home/matt/disarm/disarm_ws/src/disarm_simulation/plugins/sensor_plugin.cc:20:3:[m[K [01;31m[Kerror: [m[Kexpected class-name before ‘[01m[K{[m[K’ token
   20 |   [01;31m[K{[m[K
      |   [01;31m[K^[m[K
[01m[K/home/matt/disarm/disarm_ws/src/disarm_simulation/plugins/sensor_plugin.cc:25:15:[m[K [01;31m[Kerror: [m[KISO C++ forbids declaration of ‘[01m[KmodelPlugin[m[K’ with no type [[01;31m[K-fpermissive[m[K]
   25 |   modelPlugin([01;31m[K)[m[K {}
      |               [01;31m[K^[m[K
[01m[K/home/matt/disarm/disarm_ws/src/disarm_simulation/plugins/sensor_plugin.cc:[m[K In member function ‘[01m[Kint gazebo::disarmPlugin::modelPlugin()[m[K’:
[01m[K/home/matt/disarm/disarm_ws/src/disarm_simulation/plugins/sensor_plugin.cc:25:18:[m[K [01;35m[Kwarning: [m[Kno return statement in function returning non-void [[01;35m[K-Wreturn-type[m[K]
   25 |   modelPlugin() {[01;35m[K}[m[K
      |                  [01;35m[K^[m[K
In file included from [01m[K/usr/include/gazebo-11/gazebo/common/common.hh:36[m[K,
                 from [01m[K/usr/include/gazebo-11/gazebo/gazebo_core.hh:19[m[K,
                 from [01m[K/usr/include/gazebo-11/gazebo/gazebo.hh:20[m[K,
                 from [01m[K/home/matt/disarm/disarm_ws/src/disarm_simulation/plugins/sensor_plugin.cc:5[m[K:
[01m[K/home/matt/disarm/disarm_ws/src/disarm_simulation/plugins/sensor_plugin.cc:[m[K In function ‘[01m[Kgazebo::ModelPlugin* gazebo::RegisterPlugin()[m[K’:
[01m[K/home/matt/disarm/disarm_ws/src/disarm_simulation/plugins/sensor_plugin.cc:39:27:[m[K [01;31m[Kerror: [m[Kexpected type-specifier before ‘[01m[KmodelPlugin[m[K’
   39 |  GZ_REGISTER_MODEL_PLUGIN([01;31m[KmodelPlugin[m[K)
      |                           [01;31m[K^~~~~~~~~~~[m[K
[01m[K/usr/include/gazebo-11/gazebo/common/Plugin.hh:423:16:[m[K [01;36m[Knote: [m[Kin definition of macro ‘[01m[KGZ_REGISTER_MODEL_PLUGIN[m[K’
  423 |     return new [01;36m[Kclassname[m[K();\
      |                [01;36m[K^~~~~~~~~[m[K
[01m[K/home/matt/disarm/disarm_ws/src/disarm_simulation/plugins/sensor_plugin.cc:39:27:[m[K [01;31m[Kerror: [m[Kexpected ‘[01m[K;[m[K’ before ‘[01m[KmodelPlugin[m[K’
   39 |  GZ_REGISTER_MODEL_PLUGIN([01;31m[KmodelPlugin[m[K)
      |                           [01;31m[K^~~~~~~~~~~[m[K
[01m[K/usr/include/gazebo-11/gazebo/common/Plugin.hh:423:16:[m[K [01;36m[Knote: [m[Kin definition of macro ‘[01m[KGZ_REGISTER_MODEL_PLUGIN[m[K’
  423 |     return new [01;36m[Kclassname[m[K();\
      |                [01;36m[K^~~~~~~~~[m[K
[01m[K/home/matt/disarm/disarm_ws/src/disarm_simulation/plugins/sensor_plugin.cc:39:27:[m[K [01;31m[Kerror: [m[K‘[01m[KmodelPlugin[m[K’ was not declared in this scope; did you mean ‘[01m[KModelPlugin[m[K’?
   39 |  GZ_REGISTER_MODEL_PLUGIN([01;31m[KmodelPlugin[m[K)
      |                           [01;31m[K^~~~~~~~~~~[m[K
[01m[K/usr/include/gazebo-11/gazebo/common/Plugin.hh:423:16:[m[K [01;36m[Knote: [m[Kin definition of macro ‘[01m[KGZ_REGISTER_MODEL_PLUGIN[m[K’
  423 |     return new [01;36m[Kclassname[m[K();\
      |                [01;36m[K^~~~~~~~~[m[K
make[2]: *** [CMakeFiles/sensor_plugin.dir/build.make:63: CMakeFiles/sensor_plugin.dir/plugins/sensor_plugin.cc.o] Error 1
make[1]: *** [CMakeFiles/Makefile2:207: CMakeFiles/sensor_plugin.dir/all] Error 2
make: *** [Makefile:141: all] Error 2
